This file contains any messages produced by compilers while
running configure, to aid debugging if configure makes a mistake.

It was created by picocoin configure 0.5, which was
generated by GNU Autoconf 2.69.  Invocation command line was

  $ ./configure 

## --------- ##
## Platform. ##
## --------- ##

hostname = glados
uname -m = x86_64
uname -r = 4.10.0-35-generic
uname -s = Linux
uname -v = #39-Ubuntu SMP Wed Sep 13 07:46:59 UTC 2017

/usr/bin/uname -p = unknown
/bin/uname -X     = unknown

/bin/arch              = unknown
/usr/bin/arch -k       = unknown
/usr/convex/getsysinfo = unknown
/usr/bin/hostinfo      = unknown
/bin/machine           = unknown
/usr/bin/oslevel       = unknown
/bin/universe          = unknown

PATH: /home/zik/bin
PATH: /usr/local/sbin
PATH: /usr/local/bin
PATH: /usr/sbin
PATH: /usr/bin
PATH: /sbin
PATH: /bin
PATH: /usr/games
PATH: /usr/local/games
PATH: /snap/bin
PATH: /usr/local/go/bin
PATH: /home/zik/gopkg/bin
PATH: /opt/idea/bin
PATH: /usr/local/llvm/bin
PATH: /usr/local/qtcreator-3.4.2/bin
PATH: /home/zik/rtems/4.11/bin


## ----------- ##
## Core tests. ##
## ----------- ##

configure:2277: checking build system type
configure:2291: result: x86_64-pc-linux-gnu
configure:2311: checking host system type
configure:2324: result: x86_64-pc-linux-gnu
configure:2365: checking how to print strings
configure:2392: result: printf
configure:2464: checking for gcc
configure:2480: found /usr/bin/gcc
configure:2491: result: gcc
configure:2720: checking for C compiler version
configure:2729: gcc --version >&5
gcc (Ubuntu 6.3.0-12ubuntu2) 6.3.0 20170406
Copyright (C) 2016 Free Software Foundation, Inc.
This is free software; see the source for copying conditions.  There is NO
warranty; not even for MERCHANTABILITY or FITNESS FOR A PARTICULAR PURPOSE.

configure:2740: $? = 0
configure:2729: gcc -v >&5
Using built-in specs.
COLLECT_GCC=gcc
COLLECT_LTO_WRAPPER=/usr/lib/gcc/x86_64-linux-gnu/6/lto-wrapper
Target: x86_64-linux-gnu
Configured with: ../src/configure -v --with-pkgversion='Ubuntu 6.3.0-12ubuntu2' --with-bugurl=file:///usr/share/doc/gcc-6/README.Bugs --enable-languages=c,ada,c++,java,go,d,fortran,objc,obj-c++ --prefix=/usr --program-suffix=-6 --program-prefix=x86_64-linux-gnu- --enable-shared --enable-linker-build-id --libexecdir=/usr/lib --without-included-gettext --enable-threads=posix --libdir=/usr/lib --enable-nls --with-sysroot=/ --enable-clocale=gnu --enable-libstdcxx-debug --enable-libstdcxx-time=yes --with-default-libstdcxx-abi=new --enable-gnu-unique-object --disable-vtable-verify --enable-libmpx --enable-plugin --enable-default-pie --with-system-zlib --disable-browser-plugin --enable-java-awt=gtk --enable-gtk-cairo --with-java-home=/usr/lib/jvm/java-1.5.0-gcj-6-amd64/jre --enable-java-home --with-jvm-root-dir=/usr/lib/jvm/java-1.5.0-gcj-6-amd64 --with-jvm-jar-dir=/usr/lib/jvm-exports/java-1.5.0-gcj-6-amd64 --with-arch-directory=amd64 --with-ecj-jar=/usr/share/java/eclipse-ecj.jar --with-target-system-zlib --enable-objc-gc=auto --enable-multiarch --disable-werror --with-arch-32=i686 --with-abi=m64 --with-multilib-list=m32,m64,mx32 --enable-multilib --with-tune=generic --enable-checking=release --build=x86_64-linux-gnu --host=x86_64-linux-gnu --target=x86_64-linux-gnu
Thread model: posix
gcc version 6.3.0 20170406 (Ubuntu 6.3.0-12ubuntu2) 
configure:2740: $? = 0
configure:2729: gcc -V >&5
gcc: error: unrecognized command line option '-V'
gcc: fatal error: no input files
compilation terminated.
configure:2740: $? = 1
configure:2729: gcc -qversion >&5
gcc: error: unrecognized command line option '-qversion'; did you mean '--version'?
gcc: fatal error: no input files
compilation terminated.
configure:2740: $? = 1
configure:2760: checking whether the C compiler works
configure:2782: gcc    conftest.c  >&5
configure:2786: $? = 0
configure:2834: result: yes
configure:2837: checking for C compiler default output file name
configure:2839: result: a.out
configure:2845: checking for suffix of executables
configure:2852: gcc -o conftest    conftest.c  >&5
configure:2856: $? = 0
configure:2878: result: 
configure:2900: checking whether we are cross compiling
configure:2908: gcc -o conftest    conftest.c  >&5
configure:2912: $? = 0
configure:2919: ./conftest
configure:2923: $? = 0
configure:2938: result: no
configure:2943: checking for suffix of object files
configure:2965: gcc -c   conftest.c >&5
configure:2969: $? = 0
configure:2990: result: o
configure:2994: checking whether we are using the GNU C compiler
configure:3013: gcc -c   conftest.c >&5
configure:3013: $? = 0
configure:3022: result: yes
configure:3031: checking whether gcc accepts -g
configure:3051: gcc -c -g  conftest.c >&5
configure:3051: $? = 0
configure:3092: result: yes
configure:3109: checking for gcc option to accept ISO C89
configure:3172: gcc  -c -g -O2  conftest.c >&5
configure:3172: $? = 0
configure:3185: result: none needed
configure:3210: checking whether gcc understands -c and -o together
configure:3232: gcc -c conftest.c -o conftest2.o
configure:3235: $? = 0
configure:3232: gcc -c conftest.c -o conftest2.o
configure:3235: $? = 0
configure:3247: result: yes
configure:3264: checking for a sed that does not truncate output
configure:3328: result: /bin/sed
configure:3346: checking for grep that handles long lines and -e
configure:3404: result: /bin/grep
configure:3409: checking for egrep
configure:3471: result: /bin/grep -E
configure:3476: checking for fgrep
configure:3538: result: /bin/grep -F
configure:3573: checking for ld used by gcc
configure:3640: result: /usr/bin/ld
configure:3647: checking if the linker (/usr/bin/ld) is GNU ld
configure:3662: result: yes
configure:3674: checking for BSD- or MS-compatible name lister (nm)
configure:3728: result: /usr/bin/nm -B
configure:3858: checking the name lister (/usr/bin/nm -B) interface
configure:3865: gcc -c -g -O2  conftest.c >&5
configure:3868: /usr/bin/nm -B "conftest.o"
configure:3871: output
0000000000000000 B some_variable
configure:3878: result: BSD nm
configure:3881: checking whether ln -s works
configure:3885: result: yes
configure:3893: checking the maximum length of command line arguments
configure:4024: result: 1572864
configure:4072: checking how to convert x86_64-pc-linux-gnu file names to x86_64-pc-linux-gnu format
configure:4112: result: func_convert_file_noop
configure:4119: checking how to convert x86_64-pc-linux-gnu file names to toolchain format
configure:4139: result: func_convert_file_noop
configure:4146: checking for /usr/bin/ld option to reload object files
configure:4153: result: -r
configure:4227: checking for objdump
configure:4243: found /usr/bin/objdump
configure:4254: result: objdump
configure:4286: checking how to recognize dependent libraries
configure:4486: result: pass_all
configure:4571: checking for dlltool
configure:4601: result: no
configure:4631: checking how to associate runtime and link libraries
configure:4658: result: printf %s\n
configure:4719: checking for ar
configure:4735: found /usr/bin/ar
configure:4746: result: ar
configure:4783: checking for archiver @FILE support
configure:4800: gcc -c -g -O2  conftest.c >&5
configure:4800: $? = 0
configure:4803: ar cru libconftest.a @conftest.lst >&5
ar: `u' modifier ignored since `D' is the default (see `U')
configure:4806: $? = 0
configure:4811: ar cru libconftest.a @conftest.lst >&5
ar: `u' modifier ignored since `D' is the default (see `U')
ar: conftest.o: No such file or directory
configure:4814: $? = 1
configure:4826: result: @
configure:4884: checking for strip
configure:4900: found /usr/bin/strip
configure:4911: result: strip
configure:4983: checking for ranlib
configure:4999: found /usr/bin/ranlib
configure:5010: result: ranlib
configure:5087: checking for gawk
configure:5103: found /usr/bin/gawk
configure:5114: result: gawk
configure:5154: checking command to parse /usr/bin/nm -B output from gcc object
configure:5307: gcc -c -g -O2  conftest.c >&5
configure:5310: $? = 0
configure:5314: /usr/bin/nm -B conftest.o \| sed -n -e 's/^.*[ ]\([ABCDGIRSTW][ABCDGIRSTW]*\)[ ][ ]*\([_A-Za-z][_A-Za-z0-9]*\)$/\1 \2 \2/p' | sed '/ __gnu_lto/d' \> conftest.nm
configure:5317: $? = 0
configure:5383: gcc -o conftest -g -O2   conftest.c conftstm.o >&5
configure:5386: $? = 0
configure:5424: result: ok
configure:5471: checking for sysroot
configure:5501: result: no
configure:5508: checking for a working dd
configure:5546: result: /bin/dd
configure:5550: checking how to truncate binary pipes
configure:5565: result: /bin/dd bs=4096 count=1
configure:5701: gcc -c -g -O2  conftest.c >&5
configure:5704: $? = 0
configure:5894: checking for mt
configure:5910: found /bin/mt
configure:5921: result: mt
configure:5944: checking if mt is a manifest tool
configure:5950: mt '-?'
configure:5958: result: no
configure:6635: checking how to run the C preprocessor
configure:6666: gcc -E  conftest.c
configure:6666: $? = 0
configure:6680: gcc -E  conftest.c
conftest.c:9:28: fatal error: ac_nonexistent.h: No such file or directory
 #include <ac_nonexistent.h>
                            ^
compilation terminated.
configure:6680: $? = 1
configure: failed program was:
| /* confdefs.h */
| #define PACKAGE_NAME "picocoin"
| #define PACKAGE_TARNAME "picocoin"
| #define PACKAGE_VERSION "0.5"
| #define PACKAGE_STRING "picocoin 0.5"
| #define PACKAGE_BUGREPORT "Jeff Garzik <jgarzik@pobox.com>"
| #define PACKAGE_URL ""
| /* end confdefs.h.  */
| #include <ac_nonexistent.h>
configure:6705: result: gcc -E
configure:6725: gcc -E  conftest.c
configure:6725: $? = 0
configure:6739: gcc -E  conftest.c
conftest.c:9:28: fatal error: ac_nonexistent.h: No such file or directory
 #include <ac_nonexistent.h>
                            ^
compilation terminated.
configure:6739: $? = 1
configure: failed program was:
| /* confdefs.h */
| #define PACKAGE_NAME "picocoin"
| #define PACKAGE_TARNAME "picocoin"
| #define PACKAGE_VERSION "0.5"
| #define PACKAGE_STRING "picocoin 0.5"
| #define PACKAGE_BUGREPORT "Jeff Garzik <jgarzik@pobox.com>"
| #define PACKAGE_URL ""
| /* end confdefs.h.  */
| #include <ac_nonexistent.h>
configure:6768: checking for ANSI C header files
configure:6788: gcc -c -g -O2  conftest.c >&5
configure:6788: $? = 0
configure:6861: gcc -o conftest -g -O2   conftest.c  >&5
configure:6861: $? = 0
configure:6861: ./conftest
configure:6861: $? = 0
configure:6872: result: yes
configure:6885: checking for sys/types.h
configure:6885: gcc -c -g -O2  conftest.c >&5
configure:6885: $? = 0
configure:6885: result: yes
configure:6885: checking for sys/stat.h
configure:6885: gcc -c -g -O2  conftest.c >&5
configure:6885: $? = 0
configure:6885: result: yes
configure:6885: checking for stdlib.h
configure:6885: gcc -c -g -O2  conftest.c >&5
configure:6885: $? = 0
configure:6885: result: yes
configure:6885: checking for string.h
configure:6885: gcc -c -g -O2  conftest.c >&5
configure:6885: $? = 0
configure:6885: result: yes
configure:6885: checking for memory.h
configure:6885: gcc -c -g -O2  conftest.c >&5
configure:6885: $? = 0
configure:6885: result: yes
configure:6885: checking for strings.h
configure:6885: gcc -c -g -O2  conftest.c >&5
configure:6885: $? = 0
configure:6885: result: yes
configure:6885: checking for inttypes.h
configure:6885: gcc -c -g -O2  conftest.c >&5
configure:6885: $? = 0
configure:6885: result: yes
configure:6885: checking for stdint.h
configure:6885: gcc -c -g -O2  conftest.c >&5
configure:6885: $? = 0
configure:6885: result: yes
configure:6885: checking for unistd.h
configure:6885: gcc -c -g -O2  conftest.c >&5
configure:6885: $? = 0
configure:6885: result: yes
configure:6899: checking for dlfcn.h
configure:6899: gcc -c -g -O2  conftest.c >&5
configure:6899: $? = 0
configure:6899: result: yes
configure:7155: checking for objdir
configure:7170: result: .libs
configure:7434: checking if gcc supports -fno-rtti -fno-exceptions
configure:7452: gcc -c -g -O2  -fno-rtti -fno-exceptions conftest.c >&5
cc1: warning: command line option '-fno-rtti' is valid for C++/ObjC++ but not for C
configure:7456: $? = 0
configure:7469: result: no
configure:7827: checking for gcc option to produce PIC
configure:7834: result: -fPIC -DPIC
configure:7842: checking if gcc PIC flag -fPIC -DPIC works
configure:7860: gcc -c -g -O2  -fPIC -DPIC -DPIC conftest.c >&5
configure:7864: $? = 0
configure:7877: result: yes
configure:7906: checking if gcc static flag -static works
configure:7934: result: yes
configure:7949: checking if gcc supports -c -o file.o
configure:7970: gcc -c -g -O2  -o out/conftest2.o conftest.c >&5
configure:7974: $? = 0
configure:7996: result: yes
configure:8004: checking if gcc supports -c -o file.o
configure:8051: result: yes
configure:8084: checking whether the gcc linker (/usr/bin/ld -m elf_x86_64) supports shared libraries
configure:9347: result: yes
configure:9384: checking whether -lc should be explicitly linked in
configure:9392: gcc -c -g -O2  conftest.c >&5
configure:9395: $? = 0
configure:9410: gcc -shared  -fPIC -DPIC conftest.o  -v -Wl,-soname -Wl,conftest -o conftest 2\>\&1 \| /bin/grep  -lc  \>/dev/null 2\>\&1
configure:9413: $? = 0
configure:9427: result: no
configure:9587: checking dynamic linker characteristics
configure:10168: gcc -o conftest -g -O2   -Wl,-rpath -Wl,/foo conftest.c  >&5
configure:10168: $? = 0
configure:10417: result: GNU/Linux ld.so
configure:10539: checking how to hardcode library paths into programs
configure:10564: result: immediate
configure:11112: checking whether stripping libraries is possible
configure:11117: result: yes
configure:11152: checking if libtool supports shared libraries
configure:11154: result: yes
configure:11157: checking whether to build shared libraries
configure:11182: result: yes
configure:11185: checking whether to build static libraries
configure:11189: result: yes
configure:11244: checking for a BSD-compatible install
configure:11312: result: /usr/bin/install -c
configure:11323: checking whether build environment is sane
configure:11378: result: yes
configure:11526: checking for a thread-safe mkdir -p
configure:11565: result: /bin/mkdir -p
configure:11568: checking whether make sets $(MAKE)
configure:11590: result: yes
configure:11620: checking for style of include used by make
configure:11648: result: GNU
configure:11682: checking whether make supports nested variables
configure:11699: result: yes
configure:11784: checking dependency style of gcc
configure:11895: result: gcc3
configure:11957: checking whether to enable maintainer-specific portions of Makefiles
configure:11966: result: no
configure:12030: checking for gcc
configure:12057: result: gcc
configure:12286: checking for C compiler version
configure:12295: gcc --version >&5
gcc (Ubuntu 6.3.0-12ubuntu2) 6.3.0 20170406
Copyright (C) 2016 Free Software Foundation, Inc.
This is free software; see the source for copying conditions.  There is NO
warranty; not even for MERCHANTABILITY or FITNESS FOR A PARTICULAR PURPOSE.

configure:12306: $? = 0
configure:12295: gcc -v >&5
Using built-in specs.
COLLECT_GCC=gcc
COLLECT_LTO_WRAPPER=/usr/lib/gcc/x86_64-linux-gnu/6/lto-wrapper
Target: x86_64-linux-gnu
Configured with: ../src/configure -v --with-pkgversion='Ubuntu 6.3.0-12ubuntu2' --with-bugurl=file:///usr/share/doc/gcc-6/README.Bugs --enable-languages=c,ada,c++,java,go,d,fortran,objc,obj-c++ --prefix=/usr --program-suffix=-6 --program-prefix=x86_64-linux-gnu- --enable-shared --enable-linker-build-id --libexecdir=/usr/lib --without-included-gettext --enable-threads=posix --libdir=/usr/lib --enable-nls --with-sysroot=/ --enable-clocale=gnu --enable-libstdcxx-debug --enable-libstdcxx-time=yes --with-default-libstdcxx-abi=new --enable-gnu-unique-object --disable-vtable-verify --enable-libmpx --enable-plugin --enable-default-pie --with-system-zlib --disable-browser-plugin --enable-java-awt=gtk --enable-gtk-cairo --with-java-home=/usr/lib/jvm/java-1.5.0-gcj-6-amd64/jre --enable-java-home --with-jvm-root-dir=/usr/lib/jvm/java-1.5.0-gcj-6-amd64 --with-jvm-jar-dir=/usr/lib/jvm-exports/java-1.5.0-gcj-6-amd64 --with-arch-directory=amd64 --with-ecj-jar=/usr/share/java/eclipse-ecj.jar --with-target-system-zlib --enable-objc-gc=auto --enable-multiarch --disable-werror --with-arch-32=i686 --with-abi=m64 --with-multilib-list=m32,m64,mx32 --enable-multilib --with-tune=generic --enable-checking=release --build=x86_64-linux-gnu --host=x86_64-linux-gnu --target=x86_64-linux-gnu
Thread model: posix
gcc version 6.3.0 20170406 (Ubuntu 6.3.0-12ubuntu2) 
configure:12306: $? = 0
configure:12295: gcc -V >&5
gcc: error: unrecognized command line option '-V'
gcc: fatal error: no input files
compilation terminated.
configure:12306: $? = 1
configure:12295: gcc -qversion >&5
gcc: error: unrecognized command line option '-qversion'; did you mean '--version'?
gcc: fatal error: no input files
compilation terminated.
configure:12306: $? = 1
configure:12310: checking whether we are using the GNU C compiler
configure:12338: result: yes
configure:12347: checking whether gcc accepts -g
configure:12408: result: yes
configure:12425: checking for gcc option to accept ISO C89
configure:12501: result: none needed
configure:12526: checking whether gcc understands -c and -o together
configure:12563: result: yes
configure:12581: checking whether gcc needs -traditional
configure:12615: result: no
configure:12623: checking for ANSI C header files
configure:12727: result: yes
configure:12736: checking whether byte ordering is bigendian
configure:12751: gcc -c -g -O2  conftest.c >&5
conftest.c:25:9: error: unknown type name 'not'
         not a universal capable compiler
         ^~~
conftest.c:25:15: error: expected '=', ',', ';', 'asm' or '__attribute__' before 'universal'
         not a universal capable compiler
               ^~~~~~~~~
conftest.c:25:15: error: unknown type name 'universal'
configure:12751: $? = 1
configure: failed program was:
| /* confdefs.h */
| #define PACKAGE_NAME "picocoin"
| #define PACKAGE_TARNAME "picocoin"
| #define PACKAGE_VERSION "0.5"
| #define PACKAGE_STRING "picocoin 0.5"
| #define PACKAGE_BUGREPORT "Jeff Garzik <jgarzik@pobox.com>"
| #define PACKAGE_URL ""
| #define STDC_HEADERS 1
| #define HAVE_SYS_TYPES_H 1
| #define HAVE_SYS_STAT_H 1
| #define HAVE_STDLIB_H 1
| #define HAVE_STRING_H 1
| #define HAVE_MEMORY_H 1
| #define HAVE_STRINGS_H 1
| #define HAVE_INTTYPES_H 1
| #define HAVE_STDINT_H 1
| #define HAVE_UNISTD_H 1
| #define HAVE_DLFCN_H 1
| #define LT_OBJDIR ".libs/"
| #define PACKAGE "picocoin"
| #define VERSION "0.5"
| #define STDC_HEADERS 1
| /* end confdefs.h.  */
| #ifndef __APPLE_CC__
| 	       not a universal capable compiler
| 	     #endif
| 	     typedef int dummy;
| 
configure:12796: gcc -c -g -O2  conftest.c >&5
configure:12796: $? = 0
configure:12814: gcc -c -g -O2  conftest.c >&5
conftest.c: In function 'main':
conftest.c:31:4: error: unknown type name 'not'
    not big endian
    ^~~
conftest.c:31:12: error: expected '=', ',', ';', 'asm' or '__attribute__' before 'endian'
    not big endian
            ^~~~~~
configure:12814: $? = 1
configure: failed program was:
| /* confdefs.h */
| #define PACKAGE_NAME "picocoin"
| #define PACKAGE_TARNAME "picocoin"
| #define PACKAGE_VERSION "0.5"
| #define PACKAGE_STRING "picocoin 0.5"
| #define PACKAGE_BUGREPORT "Jeff Garzik <jgarzik@pobox.com>"
| #define PACKAGE_URL ""
| #define STDC_HEADERS 1
| #define HAVE_SYS_TYPES_H 1
| #define HAVE_SYS_STAT_H 1
| #define HAVE_STDLIB_H 1
| #define HAVE_STRING_H 1
| #define HAVE_MEMORY_H 1
| #define HAVE_STRINGS_H 1
| #define HAVE_INTTYPES_H 1
| #define HAVE_STDINT_H 1
| #define HAVE_UNISTD_H 1
| #define HAVE_DLFCN_H 1
| #define LT_OBJDIR ".libs/"
| #define PACKAGE "picocoin"
| #define VERSION "0.5"
| #define STDC_HEADERS 1
| /* end confdefs.h.  */
| #include <sys/types.h>
| 		#include <sys/param.h>
| 
| int
| main ()
| {
| #if BYTE_ORDER != BIG_ENDIAN
| 		 not big endian
| 		#endif
| 
|   ;
|   return 0;
| }
configure:12942: result: no
configure:12960: checking for size_t
configure:12960: gcc -c -g -O2  conftest.c >&5
configure:12960: $? = 0
configure:12960: gcc -c -g -O2  conftest.c >&5
conftest.c: In function 'main':
conftest.c:60:21: error: expected expression before ')' token
 if (sizeof ((size_t)))
                     ^
configure:12960: $? = 1
configure: failed program was:
| /* confdefs.h */
| #define PACKAGE_NAME "picocoin"
| #define PACKAGE_TARNAME "picocoin"
| #define PACKAGE_VERSION "0.5"
| #define PACKAGE_STRING "picocoin 0.5"
| #define PACKAGE_BUGREPORT "Jeff Garzik <jgarzik@pobox.com>"
| #define PACKAGE_URL ""
| #define STDC_HEADERS 1
| #define HAVE_SYS_TYPES_H 1
| #define HAVE_SYS_STAT_H 1
| #define HAVE_STDLIB_H 1
| #define HAVE_STRING_H 1
| #define HAVE_MEMORY_H 1
| #define HAVE_STRINGS_H 1
| #define HAVE_INTTYPES_H 1
| #define HAVE_STDINT_H 1
| #define HAVE_UNISTD_H 1
| #define HAVE_DLFCN_H 1
| #define LT_OBJDIR ".libs/"
| #define PACKAGE "picocoin"
| #define VERSION "0.5"
| #define STDC_HEADERS 1
| /* end confdefs.h.  */
| #include <stdio.h>
| #ifdef HAVE_SYS_TYPES_H
| # include <sys/types.h>
| #endif
| #ifdef HAVE_SYS_STAT_H
| # include <sys/stat.h>
| #endif
| #ifdef STDC_HEADERS
| # include <stdlib.h>
| # include <stddef.h>
| #else
| # ifdef HAVE_STDLIB_H
| #  include <stdlib.h>
| # endif
| #endif
| #ifdef HAVE_STRING_H
| # if !defined STDC_HEADERS && defined HAVE_MEMORY_H
| #  include <memory.h>
| # endif
| # include <string.h>
| #endif
| #ifdef HAVE_STRINGS_H
| # include <strings.h>
| #endif
| #ifdef HAVE_INTTYPES_H
| # include <inttypes.h>
| #endif
| #ifdef HAVE_STDINT_H
| # include <stdint.h>
| #endif
| #ifdef HAVE_UNISTD_H
| # include <unistd.h>
| #endif
| int
| main ()
| {
| if (sizeof ((size_t)))
| 	    return 0;
|   ;
|   return 0;
| }
configure:12960: result: yes
configure:12979: checking for special C compiler options needed for large files
configure:13024: result: no
configure:13030: checking for _FILE_OFFSET_BITS value needed for large files
configure:13055: gcc -c -g -O2  conftest.c >&5
configure:13055: $? = 0
configure:13087: result: no
configure:13184: checking for log in -lm
configure:13209: gcc -o conftest -g -O2   conftest.c -lm   >&5
conftest.c:31:6: warning: conflicting types for built-in function 'log'
 char log ();
      ^~~
configure:13209: $? = 0
configure:13218: result: yes
configure:13226: checking for __gmpz_init in -lgmp
configure:13251: gcc -o conftest -g -O2   conftest.c -lgmp   >&5
configure:13251: $? = 0
configure:13260: result: yes
configure:13268: checking for event_base_new in -levent_core
configure:13293: gcc -o conftest -g -O2   conftest.c -levent_core   >&5
configure:13293: $? = 0
configure:13302: result: yes
configure:13310: checking for json_loads in -ljansson
configure:13335: gcc -o conftest -g -O2   conftest.c -ljansson   >&5
configure:13335: $? = 0
configure:13344: result: yes
configure:13352: checking for argp_parse in -largp
configure:13377: gcc -o conftest -g -O2   conftest.c -largp   >&5
/usr/bin/ld: cannot find -largp
collect2: error: ld returned 1 exit status
configure:13377: $? = 1
configure: failed program was:
| /* confdefs.h */
| #define PACKAGE_NAME "picocoin"
| #define PACKAGE_TARNAME "picocoin"
| #define PACKAGE_VERSION "0.5"
| #define PACKAGE_STRING "picocoin 0.5"
| #define PACKAGE_BUGREPORT "Jeff Garzik <jgarzik@pobox.com>"
| #define PACKAGE_URL ""
| #define STDC_HEADERS 1
| #define HAVE_SYS_TYPES_H 1
| #define HAVE_SYS_STAT_H 1
| #define HAVE_STDLIB_H 1
| #define HAVE_STRING_H 1
| #define HAVE_MEMORY_H 1
| #define HAVE_STRINGS_H 1
| #define HAVE_INTTYPES_H 1
| #define HAVE_STDINT_H 1
| #define HAVE_UNISTD_H 1
| #define HAVE_DLFCN_H 1
| #define LT_OBJDIR ".libs/"
| #define PACKAGE "picocoin"
| #define VERSION "0.5"
| #define STDC_HEADERS 1
| /* end confdefs.h.  */
| 
| /* Override any GCC internal prototype to avoid an error.
|    Use char because int might match the return type of a GCC
|    builtin and then its argument prototype would still apply.  */
| #ifdef __cplusplus
| extern "C"
| #endif
| char argp_parse ();
| int
| main ()
| {
| return argp_parse ();
|   ;
|   return 0;
| }
configure:13386: result: no
configure:13396: checking for fdatasync
configure:13396: gcc -o conftest -g -O2   conftest.c  >&5
configure:13396: $? = 0
configure:13396: result: yes
configure:13396: checking for memmem
configure:13396: gcc -o conftest -g -O2   conftest.c  >&5
configure:13396: $? = 0
configure:13396: result: yes
configure:13396: checking for strndup
configure:13396: gcc -o conftest -g -O2   conftest.c  >&5
conftest.c:49:6: warning: conflicting types for built-in function 'strndup'
 char strndup ();
      ^~~~~~~
configure:13396: $? = 0
configure:13396: result: yes
configure:13396: checking for mkstemp
configure:13396: gcc -o conftest -g -O2   conftest.c  >&5
configure:13396: $? = 0
configure:13396: result: yes
configure:13407: checking whether to code coverage
configure:13416: result: no
configure:13515: checking whether to use valgrind
configure:13524: result: no
configure:13588: checking whether to enable tests for secp256k1 lib
configure:13597: result: no
configure:13603: checking whether to enable electric fence (www.perens.com)
configure:13612: result: no
configure:13789: checking that generated files are newer than configure
configure:13795: result: done
configure:13827: creating ./config.status

## ---------------------- ##
## Running config.status. ##
## ---------------------- ##

This file was extended by picocoin config.status 0.5, which was
generated by GNU Autoconf 2.69.  Invocation command line was

  CONFIG_FILES    = 
  CONFIG_HEADERS  = 
  CONFIG_LINKS    = 
  CONFIG_COMMANDS = 
  $ ./config.status 

on glados

config.status:1112: creating Makefile
config.status:1112: creating m4/Makefile
config.status:1112: creating doc/Makefile
config.status:1112: creating include/Makefile
config.status:1112: creating include/ccoin/Makefile
config.status:1112: creating lib/Makefile
config.status:1112: creating src/Makefile
config.status:1112: creating test/Makefile
config.status:1112: creating test/data/Makefile
config.status:1112: creating external/Makefile
config.status:1112: creating picocoin-config.h
config.status:1293: picocoin-config.h is unchanged
config.status:1341: executing libtool commands
config.status:1341: executing depfiles commands
configure:16044: === configuring in external/secp256k1 (/home/zik/Dropbox/work/pouch/picocoin/external/secp256k1)
configure:16107: running /bin/bash ./configure --disable-option-checking '--prefix=/usr/local'  '--enable-tests=no' --cache-file=/dev/null --srcdir=.

## ---------------- ##
## Cache variables. ##
## ---------------- ##

ac_cv_build=x86_64-pc-linux-gnu
ac_cv_c_bigendian=no
ac_cv_c_compiler_gnu=yes
ac_cv_env_CC_set=
ac_cv_env_CC_value=
ac_cv_env_CFLAGS_set=
ac_cv_env_CFLAGS_value=
ac_cv_env_CPPFLAGS_set=
ac_cv_env_CPPFLAGS_value=
ac_cv_env_CPP_set=
ac_cv_env_CPP_value=
ac_cv_env_LDFLAGS_set=
ac_cv_env_LDFLAGS_value=
ac_cv_env_LIBS_set=
ac_cv_env_LIBS_value=
ac_cv_env_LT_SYS_LIBRARY_PATH_set=
ac_cv_env_LT_SYS_LIBRARY_PATH_value=
ac_cv_env_build_alias_set=
ac_cv_env_build_alias_value=
ac_cv_env_host_alias_set=
ac_cv_env_host_alias_value=
ac_cv_env_target_alias_set=
ac_cv_env_target_alias_value=
ac_cv_func_fdatasync=yes
ac_cv_func_memmem=yes
ac_cv_func_mkstemp=yes
ac_cv_func_strndup=yes
ac_cv_header_dlfcn_h=yes
ac_cv_header_inttypes_h=yes
ac_cv_header_memory_h=yes
ac_cv_header_stdc=yes
ac_cv_header_stdint_h=yes
ac_cv_header_stdlib_h=yes
ac_cv_header_string_h=yes
ac_cv_header_strings_h=yes
ac_cv_header_sys_stat_h=yes
ac_cv_header_sys_types_h=yes
ac_cv_header_unistd_h=yes
ac_cv_host=x86_64-pc-linux-gnu
ac_cv_lib_argp_argp_parse=no
ac_cv_lib_event_core_event_base_new=yes
ac_cv_lib_gmp___gmpz_init=yes
ac_cv_lib_jansson_json_loads=yes
ac_cv_lib_m_log=yes
ac_cv_objext=o
ac_cv_path_EGREP='/bin/grep -E'
ac_cv_path_FGREP='/bin/grep -F'
ac_cv_path_GREP=/bin/grep
ac_cv_path_SED=/bin/sed
ac_cv_path_install='/usr/bin/install -c'
ac_cv_path_lt_DD=/bin/dd
ac_cv_path_mkdir=/bin/mkdir
ac_cv_prog_AWK=gawk
ac_cv_prog_CPP='gcc -E'
ac_cv_prog_ac_ct_AR=ar
ac_cv_prog_ac_ct_CC=gcc
ac_cv_prog_ac_ct_MANIFEST_TOOL=mt
ac_cv_prog_ac_ct_OBJDUMP=objdump
ac_cv_prog_ac_ct_RANLIB=ranlib
ac_cv_prog_ac_ct_STRIP=strip
ac_cv_prog_cc_c89=
ac_cv_prog_cc_g=yes
ac_cv_prog_gcc_traditional=no
ac_cv_prog_make_make_set=yes
ac_cv_sys_file_offset_bits=no
ac_cv_sys_largefile_CC=no
ac_cv_type_size_t=yes
am_cv_CC_dependencies_compiler_type=gcc3
am_cv_make_support_nested_variables=yes
am_cv_prog_cc_c_o=yes
lt_cv_ar_at_file=@
lt_cv_archive_cmds_need_lc=no
lt_cv_deplibs_check_method=pass_all
lt_cv_file_magic_cmd='$MAGIC_CMD'
lt_cv_file_magic_test_file=
lt_cv_ld_reload_flag=-r
lt_cv_nm_interface='BSD nm'
lt_cv_objdir=.libs
lt_cv_path_LD=/usr/bin/ld
lt_cv_path_NM='/usr/bin/nm -B'
lt_cv_path_mainfest_tool=no
lt_cv_prog_compiler_c_o=yes
lt_cv_prog_compiler_pic='-fPIC -DPIC'
lt_cv_prog_compiler_pic_works=yes
lt_cv_prog_compiler_rtti_exceptions=no
lt_cv_prog_compiler_static_works=yes
lt_cv_prog_gnu_ld=yes
lt_cv_sharedlib_from_linklib_cmd='printf %s\n'
lt_cv_shlibpath_overrides_runpath=yes
lt_cv_sys_global_symbol_pipe='sed -n -e '\''s/^.*[	 ]\([ABCDGIRSTW][ABCDGIRSTW]*\)[	 ][	 ]*\([_A-Za-z][_A-Za-z0-9]*\)$/\1 \2 \2/p'\'' | sed '\''/ __gnu_lto/d'\'''
lt_cv_sys_global_symbol_to_c_name_address='sed -n -e '\''s/^: \(.*\) .*$/  {"\1", (void *) 0},/p'\'' -e '\''s/^[ABCDGIRSTW][ABCDGIRSTW]* .* \(.*\)$/  {"\1", (void *) \&\1},/p'\'''
lt_cv_sys_global_symbol_to_c_name_address_lib_prefix='sed -n -e '\''s/^: \(.*\) .*$/  {"\1", (void *) 0},/p'\'' -e '\''s/^[ABCDGIRSTW][ABCDGIRSTW]* .* \(lib.*\)$/  {"\1", (void *) \&\1},/p'\'' -e '\''s/^[ABCDGIRSTW][ABCDGIRSTW]* .* \(.*\)$/  {"lib\1", (void *) \&\1},/p'\'''
lt_cv_sys_global_symbol_to_cdecl='sed -n -e '\''s/^T .* \(.*\)$/extern int \1();/p'\'' -e '\''s/^[ABCDGIRSTW][ABCDGIRSTW]* .* \(.*\)$/extern char \1;/p'\'''
lt_cv_sys_global_symbol_to_import=
lt_cv_sys_max_cmd_len=1572864
lt_cv_to_host_file_cmd=func_convert_file_noop
lt_cv_to_tool_file_cmd=func_convert_file_noop
lt_cv_truncate_bin='/bin/dd bs=4096 count=1'

## ----------------- ##
## Output variables. ##
## ----------------- ##

ACLOCAL='${SHELL} /home/zik/Dropbox/work/pouch/picocoin/missing aclocal-1.15'
AMDEPBACKSLASH='\'
AMDEP_FALSE='#'
AMDEP_TRUE=''
AMTAR='$${TAR-tar}'
AM_BACKSLASH='\'
AM_DEFAULT_V='$(AM_DEFAULT_VERBOSITY)'
AM_DEFAULT_VERBOSITY='1'
AM_V='$(V)'
AR='ar'
ARGP_LIBS=''
AUTOCONF='${SHELL} /home/zik/Dropbox/work/pouch/picocoin/missing autoconf'
AUTOHEADER='${SHELL} /home/zik/Dropbox/work/pouch/picocoin/missing autoheader'
AUTOMAKE='${SHELL} /home/zik/Dropbox/work/pouch/picocoin/missing automake-1.15'
AWK='gawk'
CC='gcc'
CCDEPMODE='depmode=gcc3'
CFLAGS='-g -O2'
CPP='gcc -E'
CPPFLAGS=''
CYGPATH_W='echo'
DEFS='-DHAVE_CONFIG_H'
DEPDIR='.deps'
DLLTOOL='false'
DSYMUTIL=''
DUMPBIN=''
ECHO_C=''
ECHO_N='-n'
ECHO_T=''
EGREP='/bin/grep -E'
ENABLE_VALGRIND_FALSE=''
ENABLE_VALGRIND_TRUE='#'
EVENT_LIBS='-levent_core'
EXEEXT=''
FGREP='/bin/grep -F'
GCOV=''
GMP_LIBS='-lgmp'
GREP='/bin/grep'
INSTALL_DATA='${INSTALL} -m 644'
INSTALL_PROGRAM='${INSTALL}'
INSTALL_SCRIPT='${INSTALL}'
INSTALL_STRIP_PROGRAM='$(install_sh) -c -s'
JANSSON_LIBS='-ljansson'
LCOV=''
LD='/usr/bin/ld -m elf_x86_64'
LDFLAGS=''
LIBOBJS=''
LIBS=''
LIBTOOL='$(SHELL) $(top_builddir)/libtool'
LIPO=''
LN_S='ln -s'
LTLIBOBJS=''
LT_SYS_LIBRARY_PATH=''
MAINT='#'
MAINTAINER_MODE_FALSE=''
MAINTAINER_MODE_TRUE='#'
MAKEINFO='${SHELL} /home/zik/Dropbox/work/pouch/picocoin/missing makeinfo'
MANIFEST_TOOL=':'
MATH_LIBS='-lm'
MKDIR_P='/bin/mkdir -p'
NM='/usr/bin/nm -B'
NMEDIT=''
OBJDUMP='objdump'
OBJEXT='o'
OTOOL64=''
OTOOL=''
PACKAGE='picocoin'
PACKAGE_BUGREPORT='Jeff Garzik <jgarzik@pobox.com>'
PACKAGE_NAME='picocoin'
PACKAGE_STRING='picocoin 0.5'
PACKAGE_TARNAME='picocoin'
PACKAGE_URL=''
PACKAGE_VERSION='0.5'
PATH_SEPARATOR=':'
RANLIB='ranlib'
SED='/bin/sed'
SET_MAKE=''
SHELL='/bin/bash'
STRIP='strip'
VALGRIND=''
VERSION='0.5'
ac_ct_AR='ar'
ac_ct_CC='gcc'
ac_ct_DUMPBIN=''
am__EXEEXT_FALSE=''
am__EXEEXT_TRUE='#'
am__fastdepCC_FALSE='#'
am__fastdepCC_TRUE=''
am__include='include'
am__isrc=''
am__leading_dot='.'
am__nodep='_no'
am__quote=''
am__tar='$${TAR-tar} chof - "$$tardir"'
am__untar='$${TAR-tar} xf -'
bindir='${exec_prefix}/bin'
build='x86_64-pc-linux-gnu'
build_alias=''
build_cpu='x86_64'
build_os='linux-gnu'
build_vendor='pc'
datadir='${datarootdir}'
datarootdir='${prefix}/share'
docdir='${datarootdir}/doc/${PACKAGE_TARNAME}'
dvidir='${docdir}'
exec_prefix='${prefix}'
host='x86_64-pc-linux-gnu'
host_alias=''
host_cpu='x86_64'
host_os='linux-gnu'
host_vendor='pc'
htmldir='${docdir}'
includedir='${prefix}/include'
infodir='${datarootdir}/info'
install_sh='${SHELL} /home/zik/Dropbox/work/pouch/picocoin/install-sh'
libdir='${exec_prefix}/lib'
libexecdir='${exec_prefix}/libexec'
localedir='${datarootdir}/locale'
localstatedir='${prefix}/var'
mandir='${datarootdir}/man'
mkdir_p='$(MKDIR_P)'
oldincludedir='/usr/include'
pdfdir='${docdir}'
prefix='/usr/local'
program_transform_name='s,x,x,'
psdir='${docdir}'
runstatedir='${localstatedir}/run'
sbindir='${exec_prefix}/sbin'
sharedstatedir='${prefix}/com'
subdirs=' external/secp256k1'
sysconfdir='${prefix}/etc'
target_alias=''

## ----------- ##
## confdefs.h. ##
## ----------- ##

/* confdefs.h */
#define PACKAGE_NAME "picocoin"
#define PACKAGE_TARNAME "picocoin"
#define PACKAGE_VERSION "0.5"
#define PACKAGE_STRING "picocoin 0.5"
#define PACKAGE_BUGREPORT "Jeff Garzik <jgarzik@pobox.com>"
#define PACKAGE_URL ""
#define STDC_HEADERS 1
#define HAVE_SYS_TYPES_H 1
#define HAVE_SYS_STAT_H 1
#define HAVE_STDLIB_H 1
#define HAVE_STRING_H 1
#define HAVE_MEMORY_H 1
#define HAVE_STRINGS_H 1
#define HAVE_INTTYPES_H 1
#define HAVE_STDINT_H 1
#define HAVE_UNISTD_H 1
#define HAVE_DLFCN_H 1
#define LT_OBJDIR ".libs/"
#define PACKAGE "picocoin"
#define VERSION "0.5"
#define STDC_HEADERS 1
#define HAVE_FDATASYNC 1
#define HAVE_MEMMEM 1
#define HAVE_STRNDUP 1
#define HAVE_MKSTEMP 1

configure: exit 0
